<?xml version="1.0" encoding="UTF-8"?>
<testng-results ignored="0" total="1" passed="1" failed="0" skipped="0">
  <reporter-output>
  </reporter-output>
  <suite started-at="2023-10-30T14:42:28 IST" name="Default suite" finished-at="2023-10-30T14:42:51 IST" duration-ms="22765">
    <groups>
    </groups>
    <test started-at="2023-10-30T14:42:28 IST" name="Default test" finished-at="2023-10-30T14:42:51 IST" duration-ms="22765">
      <class name="testpkg.farecompare_test">
        <test-method is-config="true" signature="setup()[pri:0, instance:testpkg.farecompare_test@2d3379b4]" started-at="2023-10-30T14:42:28 IST" name="setup" finished-at="2023-10-30T14:42:39 IST" duration-ms="10147" status="PASS">
          <reporter-output>
          </reporter-output>
        </test-method> <!-- setup -->
        <test-method is-config="true" signature="url()[pri:0, instance:testpkg.farecompare_test@2d3379b4]" started-at="2023-10-30T14:42:39 IST" name="url" finished-at="2023-10-30T14:42:47 IST" duration-ms="8760" status="PASS">
          <reporter-output>
          </reporter-output>
        </test-method> <!-- url -->
        <test-method signature="test()[pri:0, instance:testpkg.farecompare_test@2d3379b4]" started-at="2023-10-30T14:42:47 IST" name="test" finished-at="2023-10-30T14:42:51 IST" duration-ms="3765" status="PASS">
          <reporter-output>
          </reporter-output>
        </test-method> <!-- test -->
      </class> <!-- testpkg.farecompare_test -->
    </test> <!-- Default test -->
  </suite> <!-- Default suite -->
</testng-results>
